[debug] [2024-01-25T15:29:39.694Z] ----------------------------------------------------------------------
[debug] [2024-01-25T15:29:39.696Z] Command:       E:\nodejsnvm\node.exe E:\nodejsnvm\node_modules\firebase-tools\lib\bin\firebase.js init functions
[debug] [2024-01-25T15:29:39.696Z] CLI Version:   13.1.0
[debug] [2024-01-25T15:29:39.697Z] Platform:      win32
[debug] [2024-01-25T15:29:39.697Z] Node Version:  v18.19.0
[debug] [2024-01-25T15:29:39.698Z] Time:          Thu Jan 25 2024 10:29:39 GMT-0500 (hora estándar de Colombia)
[debug] [2024-01-25T15:29:39.698Z] ----------------------------------------------------------------------
[debug] 
[debug] [2024-01-25T15:29:39.704Z] > command requires scopes: ["email","openid","https://www.googleapis.com/auth/cloudplatformprojects.readonly","https://www.googleapis.com/auth/firebase","https://www.googleapis.com/auth/cloud-platform"]
[debug] [2024-01-25T15:29:39.704Z] > authorizing via signed-in user (barbozamujica109@gmail.com)
[info] 
     ######## #### ########  ######## ########     ###     ######  ########
     ##        ##  ##     ## ##       ##     ##  ##   ##  ##       ##
     ######    ##  ########  ######   ########  #########  ######  ######
     ##        ##  ##    ##  ##       ##     ## ##     ##       ## ##
     ##       #### ##     ## ######## ########  ##     ##  ######  ########

You're about to initialize a Firebase project in this directory:

  D:\Proyectos de Programación\NodejProyects\typelis

[info] 
=== Project Setup
[info] 
[info] First, let's associate this project directory with a Firebase project.
[info] You can create multiple project aliases by running firebase use --add, 
[info] but for now we'll just set up a default project.
[info] 
[info] i  If you want to create a project in a Google Cloud organization or folder, please use "firebase projects:create" instead, and return to this command when you've created the project. 
[debug] [2024-01-25T15:29:55.077Z] >>> [apiv2][query] POST https://cloudresourcemanager.googleapis.com/v1/projects [none]
[debug] [2024-01-25T15:29:55.078Z] >>> [apiv2][body] POST https://cloudresourcemanager.googleapis.com/v1/projects {"projectId":"typelis","name":"typelisbackend"}
[debug] [2024-01-25T15:29:56.983Z] <<< [apiv2][status] POST https://cloudresourcemanager.googleapis.com/v1/projects 200
[debug] [2024-01-25T15:29:56.983Z] <<< [apiv2][body] POST https://cloudresourcemanager.googleapis.com/v1/projects {"name":"operations/cp.6044618746413262984"}
[debug] [2024-01-25T15:29:56.984Z] >>> [apiv2][query] GET https://cloudresourcemanager.googleapis.com/v1/operations/cp.6044618746413262984 [none]
[debug] [2024-01-25T15:29:58.302Z] <<< [apiv2][status] GET https://cloudresourcemanager.googleapis.com/v1/operations/cp.6044618746413262984 200
[debug] [2024-01-25T15:29:58.303Z] <<< [apiv2][body] GET https://cloudresourcemanager.googleapis.com/v1/operations/cp.6044618746413262984 {"name":"operations/cp.6044618746413262984"}
[debug] [2024-01-25T15:29:58.811Z] [Project Creation Poller] Retrying task index 0
[debug] [2024-01-25T15:29:58.811Z] >>> [apiv2][query] GET https://cloudresourcemanager.googleapis.com/v1/operations/cp.6044618746413262984 [none]
[debug] [2024-01-25T15:30:00.114Z] <<< [apiv2][status] GET https://cloudresourcemanager.googleapis.com/v1/operations/cp.6044618746413262984 200
[debug] [2024-01-25T15:30:00.115Z] <<< [apiv2][body] GET https://cloudresourcemanager.googleapis.com/v1/operations/cp.6044618746413262984 {"name":"operations/cp.6044618746413262984","metadata":{"@type":"type.googleapis.com/google.cloudresourcemanager.v1.ProjectCreationStatus","gettable":true}}
[debug] [2024-01-25T15:30:01.124Z] [Project Creation Poller] Retrying task index 0
[debug] [2024-01-25T15:30:01.124Z] >>> [apiv2][query] GET https://cloudresourcemanager.googleapis.com/v1/operations/cp.6044618746413262984 [none]
[debug] [2024-01-25T15:30:02.467Z] <<< [apiv2][status] GET https://cloudresourcemanager.googleapis.com/v1/operations/cp.6044618746413262984 200
[debug] [2024-01-25T15:30:02.467Z] <<< [apiv2][body] GET https://cloudresourcemanager.googleapis.com/v1/operations/cp.6044618746413262984 {"name":"operations/cp.6044618746413262984","metadata":{"@type":"type.googleapis.com/google.cloudresourcemanager.v1.ProjectCreationStatus","gettable":true,"ready":true},"done":true,"response":{"@type":"type.googleapis.com/google.cloudresourcemanager.v1.Project","projectNumber":"1088030790010","projectId":"typelis","lifecycleState":"ACTIVE","name":"typelisbackend","createTime":"2024-01-25T15:29:59.412187Z"}}
[debug] [2024-01-25T15:30:02.468Z] >>> [apiv2][query] POST https://firebase.googleapis.com/v1beta1/projects/typelis:addFirebase [none]
[debug] [2024-01-25T15:30:03.605Z] <<< [apiv2][status] POST https://firebase.googleapis.com/v1beta1/projects/typelis:addFirebase 403
[debug] [2024-01-25T15:30:03.606Z] <<< [apiv2][body] POST https://firebase.googleapis.com/v1beta1/projects/typelis:addFirebase {"error":{"code":403,"message":"The caller does not have permission","status":"PERMISSION_DENIED"}}
[debug] [2024-01-25T15:30:03.606Z] HTTP Error: 403, The caller does not have permission
[debug] [2024-01-25T15:30:03.790Z] FirebaseError: HTTP Error: 403, The caller does not have permission
    at responseToError (C:\Users\TIAGO\AppData\Roaming\nvm\v18.19.0\node_modules\firebase-tools\lib\responseToError.js:49:12)
    at RetryOperation._fn (C:\Users\TIAGO\AppData\Roaming\nvm\v18.19.0\node_modules\firebase-tools\lib\apiv2.js:292:77)
    at process.processTicksAndRejections (node:internal/process/task_queues:95:5)
[error] 
[error] Error: Failed to add Firebase to Google Cloud Platform project. See firebase-debug.log for more info.
